<?xml version="1.0" encoding="UTF-8"?>
<testsuite name="bjdev.ShowItSelf.ShowItSelfApplicationTests" tests="1" skipped="0" failures="0" errors="0" timestamp="2020-08-18T04:46:34" hostname="fv-az54" time="0.069">
  <properties/>
  <testcase name="contextLoads()" classname="bjdev.ShowItSelf.ShowItSelfApplicationTests" time="0.069"/>
  <system-out><![CDATA[04:46:28.763 [Test worker] DEBUG org.springframework.test.context.BootstrapUtils - Instantiating CacheAwareContextLoaderDelegate from class [org.springframework.test.context.cache.DefaultCacheAwareContextLoaderDelegate]
04:46:28.779 [Test worker] DEBUG org.springframework.test.context.BootstrapUtils - Instantiating BootstrapContext using constructor [public org.springframework.test.context.support.DefaultBootstrapContext(java.lang.Class,org.springframework.test.context.CacheAwareContextLoaderDelegate)]
04:46:28.809 [Test worker] DEBUG org.springframework.test.context.BootstrapUtils - Instantiating TestContextBootstrapper for test class [bjdev.ShowItSelf.ShowItSelfApplicationTests] from class [org.springframework.boot.test.context.SpringBootTestContextBootstrapper]
04:46:28.825 [Test worker] INFO org.springframework.boot.test.context.SpringBootTestContextBootstrapper - Neither @ContextConfiguration nor @ContextHierarchy found for test class [bjdev.ShowItSelf.ShowItSelfApplicationTests], using SpringBootContextLoader
04:46:28.830 [Test worker] DEBUG org.springframework.test.context.support.AbstractContextLoader - Did not detect default resource location for test class [bjdev.ShowItSelf.ShowItSelfApplicationTests]: class path resource [bjdev/ShowItSelf/ShowItSelfApplicationTests-context.xml] does not exist
04:46:28.831 [Test worker] DEBUG org.springframework.test.context.support.AbstractContextLoader - Did not detect default resource location for test class [bjdev.ShowItSelf.ShowItSelfApplicationTests]: class path resource [bjdev/ShowItSelf/ShowItSelfApplicationTestsContext.groovy] does not exist
04:46:28.831 [Test worker] INFO org.springframework.test.context.support.AbstractContextLoader - Could not detect default resource locations for test class [bjdev.ShowItSelf.ShowItSelfApplicationTests]: no resource found for suffixes {-context.xml, Context.groovy}.
04:46:28.832 [Test worker] INFO org.springframework.test.context.support.AnnotationConfigContextLoaderUtils - Could not detect default configuration classes for test class [bjdev.ShowItSelf.ShowItSelfApplicationTests]: ShowItSelfApplicationTests does not declare any static, non-private, non-final, nested classes annotated with @Configuration.
04:46:28.897 [Test worker] DEBUG org.springframework.test.context.support.ActiveProfilesUtils - Could not find an 'annotation declaring class' for annotation type [org.springframework.test.context.ActiveProfiles] and class [bjdev.ShowItSelf.ShowItSelfApplicationTests]
04:46:28.969 [Test worker] DEBUG org.springframework.context.annotation.ClassPathScanningCandidateComponentProvider - Identified candidate component class: file [/home/runner/work/Show-Itself/Show-Itself/build/classes/java/main/bjdev/ShowItSelf/ShowItSelfApplication.class]
04:46:28.973 [Test worker] INFO org.springframework.boot.test.context.SpringBootTestContextBootstrapper - Found @SpringBootConfiguration bjdev.ShowItSelf.ShowItSelfApplication for test class bjdev.ShowItSelf.ShowItSelfApplicationTests
04:46:29.083 [Test worker] DEBUG org.springframework.boot.test.context.SpringBootTestContextBootstrapper - @TestExecutionListeners is not present for class [bjdev.ShowItSelf.ShowItSelfApplicationTests]: using defaults.
04:46:29.083 [Test worker] INFO org.springframework.boot.test.context.SpringBootTestContextBootstrapper - Loaded default TestExecutionListener class names from location [META-INF/spring.factories]: [org.springframework.boot.test.autoconfigure.restdocs.RestDocsTestExecutionListener, org.springframework.boot.test.autoconfigure.web.client.MockRestServiceServerResetTestExecutionListener, org.springframework.boot.test.autoconfigure.web.servlet.MockMvcPrintOnlyOnFailureTestExecutionListener, org.springframework.boot.test.autoconfigure.web.servlet.WebDriverTestExecutionListener, org.springframework.boot.test.autoconfigure.webservices.client.MockWebServiceServerTestExecutionListener, org.springframework.boot.test.mock.mockito.MockitoTestExecutionListener, org.springframework.boot.test.mock.mockito.ResetMocksTestExecutionListener, org.springframework.test.context.web.ServletTestExecutionListener, org.springframework.test.context.support.DirtiesContextBeforeModesTestExecutionListener, org.springframework.test.context.support.DependencyInjectionTestExecutionListener, org.springframework.test.context.support.DirtiesContextTestExecutionListener, org.springframework.test.context.transaction.TransactionalTestExecutionListener, org.springframework.test.context.jdbc.SqlScriptsTestExecutionListener, org.springframework.test.context.event.EventPublishingTestExecutionListener]
04:46:29.099 [Test worker] INFO org.springframework.boot.test.context.SpringBootTestContextBootstrapper - Using TestExecutionListeners: [org.springframework.test.context.web.ServletTestExecutionListener@2a57cc5, org.springframework.test.context.support.DirtiesContextBeforeModesTestExecutionListener@31b1dc4d, org.springframework.boot.test.mock.mockito.MockitoTestExecutionListener@2239baec, org.springframework.boot.test.autoconfigure.SpringBootDependencyInjectionTestExecutionListener@ddd8a18, org.springframework.test.context.support.DirtiesContextTestExecutionListener@24b79c32, org.springframework.test.context.transaction.TransactionalTestExecutionListener@1b5b7f5d, org.springframework.test.context.jdbc.SqlScriptsTestExecutionListener@745a5800, org.springframework.test.context.event.EventPublishingTestExecutionListener@153691d9, org.springframework.boot.test.autoconfigure.restdocs.RestDocsTestExecutionListener@df8d941, org.springframework.boot.test.autoconfigure.web.client.MockRestServiceServerResetTestExecutionListener@4d19ee34, org.springframework.boot.test.autoconfigure.web.servlet.MockMvcPrintOnlyOnFailureTestExecutionListener@6b2525cf, org.springframework.boot.test.autoconfigure.web.servlet.WebDriverTestExecutionListener@4abcd92b, org.springframework.boot.test.autoconfigure.webservices.client.MockWebServiceServerTestExecutionListener@14523ec, org.springframework.boot.test.mock.mockito.ResetMocksTestExecutionListener@3af05be]
04:46:29.103 [Test worker] DEBUG org.springframework.test.context.support.AbstractDirtiesContextTestExecutionListener - Before test class: context [DefaultTestContext@653cb476 testClass = ShowItSelfApplicationTests, testInstance = [null], testMethod = [null], testException = [null], mergedContextConfiguration = [WebMergedContextConfiguration@35d50c24 testClass = ShowItSelfApplicationTests, locations = '{}', classes = '{class bjdev.ShowItSelf.ShowItSelfApplication}', contextInitializerClasses = '[]', activeProfiles = '{}', propertySourceLocations = '{}', propertySourceProperties = '{org.springframework.boot.test.context.SpringBootTestContextBootstrapper=true}', contextCustomizers = set[org.springframework.boot.test.autoconfigure.properties.PropertyMappingContextCustomizer@0, org.springframework.boot.test.autoconfigure.web.servlet.WebDriverContextCustomizerFactory$Customizer@54d48c8e, org.springframework.boot.test.context.filter.ExcludeFilterContextCustomizer@69d7a5a4, org.springframework.boot.test.json.DuplicateJsonObjectContextCustomizerFactory$DuplicateJsonObjectContextCustomizer@4e357a2a, org.springframework.boot.test.mock.mockito.MockitoContextCustomizer@0, org.springframework.boot.test.web.client.TestRestTemplateContextCustomizer@6e7e3dce, org.springframework.boot.test.context.SpringBootTestArgs@1], resourceBasePath = 'src/main/webapp', contextLoader = 'org.springframework.boot.test.context.SpringBootContextLoader', parent = [null]], attributes = map['org.springframework.test.context.web.ServletTestExecutionListener.activateListener' -> true]], class annotated with @DirtiesContext [false] with mode [null].
04:46:29.142 [Test worker] DEBUG org.springframework.test.context.support.TestPropertySourceUtils - Adding inlined properties to environment: {spring.jmx.enabled=false, org.springframework.boot.test.context.SpringBootTestContextBootstrapper=true}

  .   ____          _            __ _ _
 /\\ / ___'_ __ _ _(_)_ __  __ _ \ \ \ \
( ( )\___ | '_ | '_| | '_ \/ _` | \ \ \ \
 \\/  ___)| |_)| | | | | || (_| |  ) ) ) )
  '  |____| .__|_| |_|_| |_\__, | / / / /
 =========|_|==============|___/=/_/_/_/
 :: Spring Boot ::        (v2.3.1.RELEASE)

2020-08-18 04:46:29.618  INFO 2748 --- [    Test worker] b.ShowItSelf.ShowItSelfApplicationTests  : Starting ShowItSelfApplicationTests on fv-az54 with PID 2748 (started by runner in /home/runner/work/Show-Itself/Show-Itself)
2020-08-18 04:46:29.620  INFO 2748 --- [    Test worker] b.ShowItSelf.ShowItSelfApplicationTests  : No active profile set, falling back to default profiles: default
2020-08-18 04:46:30.540  INFO 2748 --- [    Test worker] .s.d.r.c.RepositoryConfigurationDelegate : Bootstrapping Spring Data JPA repositories in DEFERRED mode.
2020-08-18 04:46:30.601  INFO 2748 --- [    Test worker] .s.d.r.c.RepositoryConfigurationDelegate : Finished Spring Data repository scanning in 52ms. Found 2 JPA repository interfaces.
2020-08-18 04:46:31.314  INFO 2748 --- [    Test worker] o.s.s.concurrent.ThreadPoolTaskExecutor  : Initializing ExecutorService 'applicationTaskExecutor'
2020-08-18 04:46:31.327  INFO 2748 --- [    Test worker] com.zaxxer.hikari.HikariDataSource       : HikariPool-1 - Starting...
2020-08-18 04:46:31.647  INFO 2748 --- [    Test worker] com.zaxxer.hikari.HikariDataSource       : HikariPool-1 - Start completed.
2020-08-18 04:46:31.760  INFO 2748 --- [         task-1] o.hibernate.jpa.internal.util.LogHelper  : HHH000204: Processing PersistenceUnitInfo [name: default]
2020-08-18 04:46:31.848  INFO 2748 --- [         task-1] org.hibernate.Version                    : HHH000412: Hibernate ORM core version 5.4.17.Final
2020-08-18 04:46:32.164  INFO 2748 --- [         task-1] o.hibernate.annotations.common.Version   : HCANN000001: Hibernate Commons Annotations {5.1.0.Final}
2020-08-18 04:46:32.328  INFO 2748 --- [         task-1] org.hibernate.dialect.Dialect            : HHH000400: Using dialect: org.hibernate.dialect.H2Dialect
2020-08-18 04:46:33.123  INFO 2748 --- [         task-1] o.h.e.t.j.p.i.JtaPlatformInitiator       : HHH000490: Using JtaPlatform implementation: [org.hibernate.engine.transaction.jta.platform.internal.NoJtaPlatform]
2020-08-18 04:46:33.131  INFO 2748 --- [         task-1] j.LocalContainerEntityManagerFactoryBean : Initialized JPA EntityManagerFactory for persistence unit 'default'
2020-08-18 04:46:33.820  WARN 2748 --- [    Test worker] JpaBaseConfiguration$JpaWebConfiguration : spring.jpa.open-in-view is enabled by default. Therefore, database queries may be performed during view rendering. Explicitly configure spring.jpa.open-in-view to disable this warning
2020-08-18 04:46:34.111  INFO 2748 --- [    Test worker] o.s.b.a.w.s.WelcomePageHandlerMapping    : Adding welcome page template: index
2020-08-18 04:46:34.618  INFO 2748 --- [    Test worker] DeferredRepositoryInitializationListener : Triggering deferred initialization of Spring Data repositories…
2020-08-18 04:46:34.677  INFO 2748 --- [    Test worker] DeferredRepositoryInitializationListener : Spring Data repositories initialized!
2020-08-18 04:46:34.691  INFO 2748 --- [    Test worker] b.ShowItSelf.ShowItSelfApplicationTests  : Started ShowItSelfApplicationTests in 5.541 seconds (JVM running for 7.023)
]]></system-out>
  <system-err><![CDATA[]]></system-err>
</testsuite>
