<?xml version="1.0" encoding="UTF-8"?>
<testsuite name="bjdev.ShowItSelf.ShowItSelfApplicationTests" tests="1" skipped="0" failures="0" errors="0" timestamp="2020-08-18T08:00:36" hostname="fv-az21" time="0.055">
  <properties/>
  <testcase name="contextLoads()" classname="bjdev.ShowItSelf.ShowItSelfApplicationTests" time="0.055"/>
  <system-out><![CDATA[08:00:31.859 [Test worker] DEBUG org.springframework.test.context.BootstrapUtils - Instantiating CacheAwareContextLoaderDelegate from class [org.springframework.test.context.cache.DefaultCacheAwareContextLoaderDelegate]
08:00:31.870 [Test worker] DEBUG org.springframework.test.context.BootstrapUtils - Instantiating BootstrapContext using constructor [public org.springframework.test.context.support.DefaultBootstrapContext(java.lang.Class,org.springframework.test.context.CacheAwareContextLoaderDelegate)]
08:00:31.897 [Test worker] DEBUG org.springframework.test.context.BootstrapUtils - Instantiating TestContextBootstrapper for test class [bjdev.ShowItSelf.ShowItSelfApplicationTests] from class [org.springframework.boot.test.context.SpringBootTestContextBootstrapper]
08:00:31.908 [Test worker] INFO org.springframework.boot.test.context.SpringBootTestContextBootstrapper - Neither @ContextConfiguration nor @ContextHierarchy found for test class [bjdev.ShowItSelf.ShowItSelfApplicationTests], using SpringBootContextLoader
08:00:31.912 [Test worker] DEBUG org.springframework.test.context.support.AbstractContextLoader - Did not detect default resource location for test class [bjdev.ShowItSelf.ShowItSelfApplicationTests]: class path resource [bjdev/ShowItSelf/ShowItSelfApplicationTests-context.xml] does not exist
08:00:31.912 [Test worker] DEBUG org.springframework.test.context.support.AbstractContextLoader - Did not detect default resource location for test class [bjdev.ShowItSelf.ShowItSelfApplicationTests]: class path resource [bjdev/ShowItSelf/ShowItSelfApplicationTestsContext.groovy] does not exist
08:00:31.913 [Test worker] INFO org.springframework.test.context.support.AbstractContextLoader - Could not detect default resource locations for test class [bjdev.ShowItSelf.ShowItSelfApplicationTests]: no resource found for suffixes {-context.xml, Context.groovy}.
08:00:31.913 [Test worker] INFO org.springframework.test.context.support.AnnotationConfigContextLoaderUtils - Could not detect default configuration classes for test class [bjdev.ShowItSelf.ShowItSelfApplicationTests]: ShowItSelfApplicationTests does not declare any static, non-private, non-final, nested classes annotated with @Configuration.
08:00:31.957 [Test worker] DEBUG org.springframework.test.context.support.ActiveProfilesUtils - Could not find an 'annotation declaring class' for annotation type [org.springframework.test.context.ActiveProfiles] and class [bjdev.ShowItSelf.ShowItSelfApplicationTests]
08:00:32.019 [Test worker] DEBUG org.springframework.context.annotation.ClassPathScanningCandidateComponentProvider - Identified candidate component class: file [/home/runner/work/Show-Itself/Show-Itself/build/classes/java/main/bjdev/ShowItSelf/ShowItSelfApplication.class]
08:00:32.022 [Test worker] INFO org.springframework.boot.test.context.SpringBootTestContextBootstrapper - Found @SpringBootConfiguration bjdev.ShowItSelf.ShowItSelfApplication for test class bjdev.ShowItSelf.ShowItSelfApplicationTests
08:00:32.109 [Test worker] DEBUG org.springframework.boot.test.context.SpringBootTestContextBootstrapper - @TestExecutionListeners is not present for class [bjdev.ShowItSelf.ShowItSelfApplicationTests]: using defaults.
08:00:32.109 [Test worker] INFO org.springframework.boot.test.context.SpringBootTestContextBootstrapper - Loaded default TestExecutionListener class names from location [META-INF/spring.factories]: [org.springframework.boot.test.autoconfigure.restdocs.RestDocsTestExecutionListener, org.springframework.boot.test.autoconfigure.web.client.MockRestServiceServerResetTestExecutionListener, org.springframework.boot.test.autoconfigure.web.servlet.MockMvcPrintOnlyOnFailureTestExecutionListener, org.springframework.boot.test.autoconfigure.web.servlet.WebDriverTestExecutionListener, org.springframework.boot.test.autoconfigure.webservices.client.MockWebServiceServerTestExecutionListener, org.springframework.boot.test.mock.mockito.MockitoTestExecutionListener, org.springframework.boot.test.mock.mockito.ResetMocksTestExecutionListener, org.springframework.test.context.web.ServletTestExecutionListener, org.springframework.test.context.support.DirtiesContextBeforeModesTestExecutionListener, org.springframework.test.context.support.DependencyInjectionTestExecutionListener, org.springframework.test.context.support.DirtiesContextTestExecutionListener, org.springframework.test.context.transaction.TransactionalTestExecutionListener, org.springframework.test.context.jdbc.SqlScriptsTestExecutionListener, org.springframework.test.context.event.EventPublishingTestExecutionListener]
08:00:32.123 [Test worker] INFO org.springframework.boot.test.context.SpringBootTestContextBootstrapper - Using TestExecutionListeners: [org.springframework.test.context.web.ServletTestExecutionListener@499b1dbd, org.springframework.test.context.support.DirtiesContextBeforeModesTestExecutionListener@57c79a78, org.springframework.boot.test.mock.mockito.MockitoTestExecutionListener@3eea8ac8, org.springframework.boot.test.autoconfigure.SpringBootDependencyInjectionTestExecutionListener@8735f7d, org.springframework.test.context.support.DirtiesContextTestExecutionListener@1914dd3b, org.springframework.test.context.transaction.TransactionalTestExecutionListener@726b903b, org.springframework.test.context.jdbc.SqlScriptsTestExecutionListener@18bde874, org.springframework.test.context.event.EventPublishingTestExecutionListener@aa7d4a9, org.springframework.boot.test.autoconfigure.restdocs.RestDocsTestExecutionListener@35e53dc3, org.springframework.boot.test.autoconfigure.web.client.MockRestServiceServerResetTestExecutionListener@1b21990c, org.springframework.boot.test.autoconfigure.web.servlet.MockMvcPrintOnlyOnFailureTestExecutionListener@6c282c54, org.springframework.boot.test.autoconfigure.web.servlet.WebDriverTestExecutionListener@589eafe4, org.springframework.boot.test.autoconfigure.webservices.client.MockWebServiceServerTestExecutionListener@44898a11, org.springframework.boot.test.mock.mockito.ResetMocksTestExecutionListener@53779275]
08:00:32.126 [Test worker] DEBUG org.springframework.test.context.support.AbstractDirtiesContextTestExecutionListener - Before test class: context [DefaultTestContext@288fcfab testClass = ShowItSelfApplicationTests, testInstance = [null], testMethod = [null], testException = [null], mergedContextConfiguration = [WebMergedContextConfiguration@4a44d4fb testClass = ShowItSelfApplicationTests, locations = '{}', classes = '{class bjdev.ShowItSelf.ShowItSelfApplication}', contextInitializerClasses = '[]', activeProfiles = '{}', propertySourceLocations = '{}', propertySourceProperties = '{org.springframework.boot.test.context.SpringBootTestContextBootstrapper=true}', contextCustomizers = set[org.springframework.boot.test.autoconfigure.properties.PropertyMappingContextCustomizer@0, org.springframework.boot.test.autoconfigure.web.servlet.WebDriverContextCustomizerFactory$Customizer@3d7e7bee, org.springframework.boot.test.context.filter.ExcludeFilterContextCustomizer@2b65af7, org.springframework.boot.test.json.DuplicateJsonObjectContextCustomizerFactory$DuplicateJsonObjectContextCustomizer@560dd038, org.springframework.boot.test.mock.mockito.MockitoContextCustomizer@0, org.springframework.boot.test.web.client.TestRestTemplateContextCustomizer@7eac9039, org.springframework.boot.test.context.SpringBootTestArgs@1], resourceBasePath = 'src/main/webapp', contextLoader = 'org.springframework.boot.test.context.SpringBootContextLoader', parent = [null]], attributes = map['org.springframework.test.context.web.ServletTestExecutionListener.activateListener' -> true]], class annotated with @DirtiesContext [false] with mode [null].
08:00:32.150 [Test worker] DEBUG org.springframework.test.context.support.TestPropertySourceUtils - Adding inlined properties to environment: {spring.jmx.enabled=false, org.springframework.boot.test.context.SpringBootTestContextBootstrapper=true}

  .   ____          _            __ _ _
 /\\ / ___'_ __ _ _(_)_ __  __ _ \ \ \ \
( ( )\___ | '_ | '_| | '_ \/ _` | \ \ \ \
 \\/  ___)| |_)| | | | | || (_| |  ) ) ) )
  '  |____| .__|_| |_|_| |_\__, | / / / /
 =========|_|==============|___/=/_/_/_/
 :: Spring Boot ::        (v2.3.1.RELEASE)

2020-08-18 08:00:32.582  INFO 2638 --- [    Test worker] b.ShowItSelf.ShowItSelfApplicationTests  : Starting ShowItSelfApplicationTests on fv-az21 with PID 2638 (started by runner in /home/runner/work/Show-Itself/Show-Itself)
2020-08-18 08:00:32.583  INFO 2638 --- [    Test worker] b.ShowItSelf.ShowItSelfApplicationTests  : No active profile set, falling back to default profiles: default
2020-08-18 08:00:33.190  INFO 2638 --- [    Test worker] .s.d.r.c.RepositoryConfigurationDelegate : Bootstrapping Spring Data JPA repositories in DEFERRED mode.
2020-08-18 08:00:33.240  INFO 2638 --- [    Test worker] .s.d.r.c.RepositoryConfigurationDelegate : Finished Spring Data repository scanning in 41ms. Found 2 JPA repository interfaces.
2020-08-18 08:00:33.955  INFO 2638 --- [    Test worker] o.s.s.concurrent.ThreadPoolTaskExecutor  : Initializing ExecutorService 'applicationTaskExecutor'
2020-08-18 08:00:33.965  INFO 2638 --- [    Test worker] com.zaxxer.hikari.HikariDataSource       : HikariPool-1 - Starting...
2020-08-18 08:00:34.211  INFO 2638 --- [    Test worker] com.zaxxer.hikari.HikariDataSource       : HikariPool-1 - Start completed.
2020-08-18 08:00:34.305  INFO 2638 --- [         task-1] o.hibernate.jpa.internal.util.LogHelper  : HHH000204: Processing PersistenceUnitInfo [name: default]
2020-08-18 08:00:34.420  INFO 2638 --- [         task-1] org.hibernate.Version                    : HHH000412: Hibernate ORM core version 5.4.17.Final
2020-08-18 08:00:34.670  INFO 2638 --- [         task-1] o.hibernate.annotations.common.Version   : HCANN000001: Hibernate Commons Annotations {5.1.0.Final}
2020-08-18 08:00:34.783  INFO 2638 --- [         task-1] org.hibernate.dialect.Dialect            : HHH000400: Using dialect: org.hibernate.dialect.H2Dialect
2020-08-18 08:00:35.416  INFO 2638 --- [         task-1] o.h.e.t.j.p.i.JtaPlatformInitiator       : HHH000490: Using JtaPlatform implementation: [org.hibernate.engine.transaction.jta.platform.internal.NoJtaPlatform]
2020-08-18 08:00:35.424  INFO 2638 --- [         task-1] j.LocalContainerEntityManagerFactoryBean : Initialized JPA EntityManagerFactory for persistence unit 'default'
2020-08-18 08:00:35.914  WARN 2638 --- [    Test worker] JpaBaseConfiguration$JpaWebConfiguration : spring.jpa.open-in-view is enabled by default. Therefore, database queries may be performed during view rendering. Explicitly configure spring.jpa.open-in-view to disable this warning
2020-08-18 08:00:36.178  INFO 2638 --- [    Test worker] o.s.b.a.w.s.WelcomePageHandlerMapping    : Adding welcome page template: index
2020-08-18 08:00:36.566  INFO 2638 --- [    Test worker] DeferredRepositoryInitializationListener : Triggering deferred initialization of Spring Data repositories…
2020-08-18 08:00:36.625  INFO 2638 --- [    Test worker] DeferredRepositoryInitializationListener : Spring Data repositories initialized!
2020-08-18 08:00:36.635  INFO 2638 --- [    Test worker] b.ShowItSelf.ShowItSelfApplicationTests  : Started ShowItSelfApplicationTests in 4.478 seconds (JVM running for 5.565)
]]></system-out>
  <system-err><![CDATA[]]></system-err>
</testsuite>
