<?xml version="1.0" encoding="UTF-8"?>
<testsuite name="bjdev.ShowItSelf.ShowItSelfApplicationTests" tests="1" skipped="0" failures="0" errors="0" timestamp="2020-08-18T10:28:33" hostname="fv-az19" time="0.053">
  <properties/>
  <testcase name="contextLoads()" classname="bjdev.ShowItSelf.ShowItSelfApplicationTests" time="0.053"/>
  <system-out><![CDATA[10:28:29.043 [Test worker] DEBUG org.springframework.test.context.BootstrapUtils - Instantiating CacheAwareContextLoaderDelegate from class [org.springframework.test.context.cache.DefaultCacheAwareContextLoaderDelegate]
10:28:29.054 [Test worker] DEBUG org.springframework.test.context.BootstrapUtils - Instantiating BootstrapContext using constructor [public org.springframework.test.context.support.DefaultBootstrapContext(java.lang.Class,org.springframework.test.context.CacheAwareContextLoaderDelegate)]
10:28:29.086 [Test worker] DEBUG org.springframework.test.context.BootstrapUtils - Instantiating TestContextBootstrapper for test class [bjdev.ShowItSelf.ShowItSelfApplicationTests] from class [org.springframework.boot.test.context.SpringBootTestContextBootstrapper]
10:28:29.102 [Test worker] INFO org.springframework.boot.test.context.SpringBootTestContextBootstrapper - Neither @ContextConfiguration nor @ContextHierarchy found for test class [bjdev.ShowItSelf.ShowItSelfApplicationTests], using SpringBootContextLoader
10:28:29.106 [Test worker] DEBUG org.springframework.test.context.support.AbstractContextLoader - Did not detect default resource location for test class [bjdev.ShowItSelf.ShowItSelfApplicationTests]: class path resource [bjdev/ShowItSelf/ShowItSelfApplicationTests-context.xml] does not exist
10:28:29.106 [Test worker] DEBUG org.springframework.test.context.support.AbstractContextLoader - Did not detect default resource location for test class [bjdev.ShowItSelf.ShowItSelfApplicationTests]: class path resource [bjdev/ShowItSelf/ShowItSelfApplicationTestsContext.groovy] does not exist
10:28:29.106 [Test worker] INFO org.springframework.test.context.support.AbstractContextLoader - Could not detect default resource locations for test class [bjdev.ShowItSelf.ShowItSelfApplicationTests]: no resource found for suffixes {-context.xml, Context.groovy}.
10:28:29.107 [Test worker] INFO org.springframework.test.context.support.AnnotationConfigContextLoaderUtils - Could not detect default configuration classes for test class [bjdev.ShowItSelf.ShowItSelfApplicationTests]: ShowItSelfApplicationTests does not declare any static, non-private, non-final, nested classes annotated with @Configuration.
10:28:29.146 [Test worker] DEBUG org.springframework.test.context.support.ActiveProfilesUtils - Could not find an 'annotation declaring class' for annotation type [org.springframework.test.context.ActiveProfiles] and class [bjdev.ShowItSelf.ShowItSelfApplicationTests]
10:28:29.207 [Test worker] DEBUG org.springframework.context.annotation.ClassPathScanningCandidateComponentProvider - Identified candidate component class: file [/home/runner/work/Show-Itself/Show-Itself/build/classes/java/main/bjdev/ShowItSelf/ShowItSelfApplication.class]
10:28:29.210 [Test worker] INFO org.springframework.boot.test.context.SpringBootTestContextBootstrapper - Found @SpringBootConfiguration bjdev.ShowItSelf.ShowItSelfApplication for test class bjdev.ShowItSelf.ShowItSelfApplicationTests
10:28:29.291 [Test worker] DEBUG org.springframework.boot.test.context.SpringBootTestContextBootstrapper - @TestExecutionListeners is not present for class [bjdev.ShowItSelf.ShowItSelfApplicationTests]: using defaults.
10:28:29.292 [Test worker] INFO org.springframework.boot.test.context.SpringBootTestContextBootstrapper - Loaded default TestExecutionListener class names from location [META-INF/spring.factories]: [org.springframework.boot.test.autoconfigure.restdocs.RestDocsTestExecutionListener, org.springframework.boot.test.autoconfigure.web.client.MockRestServiceServerResetTestExecutionListener, org.springframework.boot.test.autoconfigure.web.servlet.MockMvcPrintOnlyOnFailureTestExecutionListener, org.springframework.boot.test.autoconfigure.web.servlet.WebDriverTestExecutionListener, org.springframework.boot.test.autoconfigure.webservices.client.MockWebServiceServerTestExecutionListener, org.springframework.boot.test.mock.mockito.MockitoTestExecutionListener, org.springframework.boot.test.mock.mockito.ResetMocksTestExecutionListener, org.springframework.test.context.web.ServletTestExecutionListener, org.springframework.test.context.support.DirtiesContextBeforeModesTestExecutionListener, org.springframework.test.context.support.DependencyInjectionTestExecutionListener, org.springframework.test.context.support.DirtiesContextTestExecutionListener, org.springframework.test.context.transaction.TransactionalTestExecutionListener, org.springframework.test.context.jdbc.SqlScriptsTestExecutionListener, org.springframework.test.context.event.EventPublishingTestExecutionListener]
10:28:29.306 [Test worker] INFO org.springframework.boot.test.context.SpringBootTestContextBootstrapper - Using TestExecutionListeners: [org.springframework.test.context.web.ServletTestExecutionListener@6c2e9564, org.springframework.test.context.support.DirtiesContextBeforeModesTestExecutionListener@707d59ea, org.springframework.boot.test.mock.mockito.MockitoTestExecutionListener@3aadb05f, org.springframework.boot.test.autoconfigure.SpringBootDependencyInjectionTestExecutionListener@25c33cb, org.springframework.test.context.support.DirtiesContextTestExecutionListener@1ac11351, org.springframework.test.context.transaction.TransactionalTestExecutionListener@e9bbea, org.springframework.test.context.jdbc.SqlScriptsTestExecutionListener@5711dce0, org.springframework.test.context.event.EventPublishingTestExecutionListener@34b06fa2, org.springframework.boot.test.autoconfigure.restdocs.RestDocsTestExecutionListener@2679b9fe, org.springframework.boot.test.autoconfigure.web.client.MockRestServiceServerResetTestExecutionListener@6b026030, org.springframework.boot.test.autoconfigure.web.servlet.MockMvcPrintOnlyOnFailureTestExecutionListener@32ad476c, org.springframework.boot.test.autoconfigure.web.servlet.WebDriverTestExecutionListener@557f3e4, org.springframework.boot.test.autoconfigure.webservices.client.MockWebServiceServerTestExecutionListener@6e0a0cf9, org.springframework.boot.test.mock.mockito.ResetMocksTestExecutionListener@1671f2e8]
10:28:29.310 [Test worker] DEBUG org.springframework.test.context.support.AbstractDirtiesContextTestExecutionListener - Before test class: context [DefaultTestContext@77431241 testClass = ShowItSelfApplicationTests, testInstance = [null], testMethod = [null], testException = [null], mergedContextConfiguration = [WebMergedContextConfiguration@4dabac6e testClass = ShowItSelfApplicationTests, locations = '{}', classes = '{class bjdev.ShowItSelf.ShowItSelfApplication}', contextInitializerClasses = '[]', activeProfiles = '{}', propertySourceLocations = '{}', propertySourceProperties = '{org.springframework.boot.test.context.SpringBootTestContextBootstrapper=true}', contextCustomizers = set[org.springframework.boot.test.autoconfigure.properties.PropertyMappingContextCustomizer@0, org.springframework.boot.test.autoconfigure.web.servlet.WebDriverContextCustomizerFactory$Customizer@35ff5ff1, org.springframework.boot.test.context.filter.ExcludeFilterContextCustomizer@7ebe680c, org.springframework.boot.test.json.DuplicateJsonObjectContextCustomizerFactory$DuplicateJsonObjectContextCustomizer@4df6e64, org.springframework.boot.test.mock.mockito.MockitoContextCustomizer@0, org.springframework.boot.test.web.client.TestRestTemplateContextCustomizer@6bcbbfb, org.springframework.boot.test.context.SpringBootTestArgs@1], resourceBasePath = 'src/main/webapp', contextLoader = 'org.springframework.boot.test.context.SpringBootContextLoader', parent = [null]], attributes = map['org.springframework.test.context.web.ServletTestExecutionListener.activateListener' -> true]], class annotated with @DirtiesContext [false] with mode [null].
10:28:29.334 [Test worker] DEBUG org.springframework.test.context.support.TestPropertySourceUtils - Adding inlined properties to environment: {spring.jmx.enabled=false, org.springframework.boot.test.context.SpringBootTestContextBootstrapper=true}

  .   ____          _            __ _ _
 /\\ / ___'_ __ _ _(_)_ __  __ _ \ \ \ \
( ( )\___ | '_ | '_| | '_ \/ _` | \ \ \ \
 \\/  ___)| |_)| | | | | || (_| |  ) ) ) )
  '  |____| .__|_| |_|_| |_\__, | / / / /
 =========|_|==============|___/=/_/_/_/
 :: Spring Boot ::        (v2.3.1.RELEASE)

2020-08-18 10:28:29.800  INFO 2681 --- [    Test worker] b.ShowItSelf.ShowItSelfApplicationTests  : Starting ShowItSelfApplicationTests on fv-az19 with PID 2681 (started by runner in /home/runner/work/Show-Itself/Show-Itself)
2020-08-18 10:28:29.801  INFO 2681 --- [    Test worker] b.ShowItSelf.ShowItSelfApplicationTests  : No active profile set, falling back to default profiles: default
2020-08-18 10:28:30.590  INFO 2681 --- [    Test worker] .s.d.r.c.RepositoryConfigurationDelegate : Bootstrapping Spring Data JPA repositories in DEFERRED mode.
2020-08-18 10:28:30.644  INFO 2681 --- [    Test worker] .s.d.r.c.RepositoryConfigurationDelegate : Finished Spring Data repository scanning in 44ms. Found 2 JPA repository interfaces.
2020-08-18 10:28:31.251  INFO 2681 --- [    Test worker] o.s.s.concurrent.ThreadPoolTaskExecutor  : Initializing ExecutorService 'applicationTaskExecutor'
2020-08-18 10:28:31.259  INFO 2681 --- [    Test worker] com.zaxxer.hikari.HikariDataSource       : HikariPool-1 - Starting...
2020-08-18 10:28:31.488  INFO 2681 --- [    Test worker] com.zaxxer.hikari.HikariDataSource       : HikariPool-1 - Start completed.
2020-08-18 10:28:31.557  INFO 2681 --- [         task-1] o.hibernate.jpa.internal.util.LogHelper  : HHH000204: Processing PersistenceUnitInfo [name: default]
2020-08-18 10:28:31.629  INFO 2681 --- [         task-1] org.hibernate.Version                    : HHH000412: Hibernate ORM core version 5.4.17.Final
2020-08-18 10:28:31.833  INFO 2681 --- [         task-1] o.hibernate.annotations.common.Version   : HCANN000001: Hibernate Commons Annotations {5.1.0.Final}
2020-08-18 10:28:31.954  INFO 2681 --- [         task-1] org.hibernate.dialect.Dialect            : HHH000400: Using dialect: org.hibernate.dialect.H2Dialect
2020-08-18 10:28:32.511  INFO 2681 --- [         task-1] o.h.e.t.j.p.i.JtaPlatformInitiator       : HHH000490: Using JtaPlatform implementation: [org.hibernate.engine.transaction.jta.platform.internal.NoJtaPlatform]
2020-08-18 10:28:32.519  INFO 2681 --- [         task-1] j.LocalContainerEntityManagerFactoryBean : Initialized JPA EntityManagerFactory for persistence unit 'default'
2020-08-18 10:28:33.034  WARN 2681 --- [    Test worker] JpaBaseConfiguration$JpaWebConfiguration : spring.jpa.open-in-view is enabled by default. Therefore, database queries may be performed during view rendering. Explicitly configure spring.jpa.open-in-view to disable this warning
2020-08-18 10:28:33.268  INFO 2681 --- [    Test worker] o.s.b.a.w.s.WelcomePageHandlerMapping    : Adding welcome page template: index
2020-08-18 10:28:33.522  INFO 2681 --- [    Test worker] DeferredRepositoryInitializationListener : Triggering deferred initialization of Spring Data repositories…
2020-08-18 10:28:33.555  INFO 2681 --- [    Test worker] DeferredRepositoryInitializationListener : Spring Data repositories initialized!
2020-08-18 10:28:33.562  INFO 2681 --- [    Test worker] b.ShowItSelf.ShowItSelfApplicationTests  : Started ShowItSelfApplicationTests in 4.22 seconds (JVM running for 5.272)
]]></system-out>
  <system-err><![CDATA[]]></system-err>
</testsuite>
