<?xml version="1.0" encoding="UTF-8"?>
<testsuite name="bjdev.ShowItSelf.ShowItSelfApplicationTests" tests="1" skipped="0" failures="0" errors="0" timestamp="2020-08-17T08:01:09" hostname="fv-az19" time="0.065">
  <properties/>
  <testcase name="contextLoads()" classname="bjdev.ShowItSelf.ShowItSelfApplicationTests" time="0.065"/>
  <system-out><![CDATA[08:01:04.094 [Test worker] DEBUG org.springframework.test.context.BootstrapUtils - Instantiating CacheAwareContextLoaderDelegate from class [org.springframework.test.context.cache.DefaultCacheAwareContextLoaderDelegate]
08:01:04.110 [Test worker] DEBUG org.springframework.test.context.BootstrapUtils - Instantiating BootstrapContext using constructor [public org.springframework.test.context.support.DefaultBootstrapContext(java.lang.Class,org.springframework.test.context.CacheAwareContextLoaderDelegate)]
08:01:04.139 [Test worker] DEBUG org.springframework.test.context.BootstrapUtils - Instantiating TestContextBootstrapper for test class [bjdev.ShowItSelf.ShowItSelfApplicationTests] from class [org.springframework.boot.test.context.SpringBootTestContextBootstrapper]
08:01:04.152 [Test worker] INFO org.springframework.boot.test.context.SpringBootTestContextBootstrapper - Neither @ContextConfiguration nor @ContextHierarchy found for test class [bjdev.ShowItSelf.ShowItSelfApplicationTests], using SpringBootContextLoader
08:01:04.156 [Test worker] DEBUG org.springframework.test.context.support.AbstractContextLoader - Did not detect default resource location for test class [bjdev.ShowItSelf.ShowItSelfApplicationTests]: class path resource [bjdev/ShowItSelf/ShowItSelfApplicationTests-context.xml] does not exist
08:01:04.156 [Test worker] DEBUG org.springframework.test.context.support.AbstractContextLoader - Did not detect default resource location for test class [bjdev.ShowItSelf.ShowItSelfApplicationTests]: class path resource [bjdev/ShowItSelf/ShowItSelfApplicationTestsContext.groovy] does not exist
08:01:04.157 [Test worker] INFO org.springframework.test.context.support.AbstractContextLoader - Could not detect default resource locations for test class [bjdev.ShowItSelf.ShowItSelfApplicationTests]: no resource found for suffixes {-context.xml, Context.groovy}.
08:01:04.157 [Test worker] INFO org.springframework.test.context.support.AnnotationConfigContextLoaderUtils - Could not detect default configuration classes for test class [bjdev.ShowItSelf.ShowItSelfApplicationTests]: ShowItSelfApplicationTests does not declare any static, non-private, non-final, nested classes annotated with @Configuration.
08:01:04.214 [Test worker] DEBUG org.springframework.test.context.support.ActiveProfilesUtils - Could not find an 'annotation declaring class' for annotation type [org.springframework.test.context.ActiveProfiles] and class [bjdev.ShowItSelf.ShowItSelfApplicationTests]
08:01:04.296 [Test worker] DEBUG org.springframework.context.annotation.ClassPathScanningCandidateComponentProvider - Identified candidate component class: file [/home/runner/work/Show-Itself/Show-Itself/build/classes/java/main/bjdev/ShowItSelf/ShowItSelfApplication.class]
08:01:04.302 [Test worker] INFO org.springframework.boot.test.context.SpringBootTestContextBootstrapper - Found @SpringBootConfiguration bjdev.ShowItSelf.ShowItSelfApplication for test class bjdev.ShowItSelf.ShowItSelfApplicationTests
08:01:04.400 [Test worker] DEBUG org.springframework.boot.test.context.SpringBootTestContextBootstrapper - @TestExecutionListeners is not present for class [bjdev.ShowItSelf.ShowItSelfApplicationTests]: using defaults.
08:01:04.400 [Test worker] INFO org.springframework.boot.test.context.SpringBootTestContextBootstrapper - Loaded default TestExecutionListener class names from location [META-INF/spring.factories]: [org.springframework.boot.test.autoconfigure.restdocs.RestDocsTestExecutionListener, org.springframework.boot.test.autoconfigure.web.client.MockRestServiceServerResetTestExecutionListener, org.springframework.boot.test.autoconfigure.web.servlet.MockMvcPrintOnlyOnFailureTestExecutionListener, org.springframework.boot.test.autoconfigure.web.servlet.WebDriverTestExecutionListener, org.springframework.boot.test.autoconfigure.webservices.client.MockWebServiceServerTestExecutionListener, org.springframework.boot.test.mock.mockito.MockitoTestExecutionListener, org.springframework.boot.test.mock.mockito.ResetMocksTestExecutionListener, org.springframework.test.context.web.ServletTestExecutionListener, org.springframework.test.context.support.DirtiesContextBeforeModesTestExecutionListener, org.springframework.test.context.support.DependencyInjectionTestExecutionListener, org.springframework.test.context.support.DirtiesContextTestExecutionListener, org.springframework.test.context.transaction.TransactionalTestExecutionListener, org.springframework.test.context.jdbc.SqlScriptsTestExecutionListener, org.springframework.test.context.event.EventPublishingTestExecutionListener]
08:01:04.414 [Test worker] INFO org.springframework.boot.test.context.SpringBootTestContextBootstrapper - Using TestExecutionListeners: [org.springframework.test.context.web.ServletTestExecutionListener@cc8112d, org.springframework.test.context.support.DirtiesContextBeforeModesTestExecutionListener@25a76ebb, org.springframework.boot.test.mock.mockito.MockitoTestExecutionListener@149d1062, org.springframework.boot.test.autoconfigure.SpringBootDependencyInjectionTestExecutionListener@3187fd27, org.springframework.test.context.support.DirtiesContextTestExecutionListener@7d0ac343, org.springframework.test.context.transaction.TransactionalTestExecutionListener@63c6b8ef, org.springframework.test.context.jdbc.SqlScriptsTestExecutionListener@1f24baf5, org.springframework.test.context.event.EventPublishingTestExecutionListener@114412f3, org.springframework.boot.test.autoconfigure.restdocs.RestDocsTestExecutionListener@3affdb43, org.springframework.boot.test.autoconfigure.web.client.MockRestServiceServerResetTestExecutionListener@6c280d33, org.springframework.boot.test.autoconfigure.web.servlet.MockMvcPrintOnlyOnFailureTestExecutionListener@56e1e151, org.springframework.boot.test.autoconfigure.web.servlet.WebDriverTestExecutionListener@6703b2f4, org.springframework.boot.test.autoconfigure.webservices.client.MockWebServiceServerTestExecutionListener@23625894, org.springframework.boot.test.mock.mockito.ResetMocksTestExecutionListener@f0f885e]
08:01:04.417 [Test worker] DEBUG org.springframework.test.context.support.AbstractDirtiesContextTestExecutionListener - Before test class: context [DefaultTestContext@4949559e testClass = ShowItSelfApplicationTests, testInstance = [null], testMethod = [null], testException = [null], mergedContextConfiguration = [WebMergedContextConfiguration@10146d2b testClass = ShowItSelfApplicationTests, locations = '{}', classes = '{class bjdev.ShowItSelf.ShowItSelfApplication}', contextInitializerClasses = '[]', activeProfiles = '{}', propertySourceLocations = '{}', propertySourceProperties = '{org.springframework.boot.test.context.SpringBootTestContextBootstrapper=true}', contextCustomizers = set[org.springframework.boot.test.autoconfigure.properties.PropertyMappingContextCustomizer@0, org.springframework.boot.test.autoconfigure.web.servlet.WebDriverContextCustomizerFactory$Customizer@152360db, org.springframework.boot.test.context.filter.ExcludeFilterContextCustomizer@98b81df, org.springframework.boot.test.json.DuplicateJsonObjectContextCustomizerFactory$DuplicateJsonObjectContextCustomizer@403e8e67, org.springframework.boot.test.mock.mockito.MockitoContextCustomizer@0, org.springframework.boot.test.web.client.TestRestTemplateContextCustomizer@6714759b, org.springframework.boot.test.context.SpringBootTestArgs@1], resourceBasePath = 'src/main/webapp', contextLoader = 'org.springframework.boot.test.context.SpringBootContextLoader', parent = [null]], attributes = map['org.springframework.test.context.web.ServletTestExecutionListener.activateListener' -> true]], class annotated with @DirtiesContext [false] with mode [null].
08:01:04.444 [Test worker] DEBUG org.springframework.test.context.support.TestPropertySourceUtils - Adding inlined properties to environment: {spring.jmx.enabled=false, org.springframework.boot.test.context.SpringBootTestContextBootstrapper=true}

  .   ____          _            __ _ _
 /\\ / ___'_ __ _ _(_)_ __  __ _ \ \ \ \
( ( )\___ | '_ | '_| | '_ \/ _` | \ \ \ \
 \\/  ___)| |_)| | | | | || (_| |  ) ) ) )
  '  |____| .__|_| |_|_| |_\__, | / / / /
 =========|_|==============|___/=/_/_/_/
 :: Spring Boot ::        (v2.3.1.RELEASE)

2020-08-17 08:01:04.888  INFO 2775 --- [    Test worker] b.ShowItSelf.ShowItSelfApplicationTests  : Starting ShowItSelfApplicationTests on fv-az19 with PID 2775 (started by runner in /home/runner/work/Show-Itself/Show-Itself)
2020-08-17 08:01:04.889  INFO 2775 --- [    Test worker] b.ShowItSelf.ShowItSelfApplicationTests  : No active profile set, falling back to default profiles: default
2020-08-17 08:01:05.656  INFO 2775 --- [    Test worker] .s.d.r.c.RepositoryConfigurationDelegate : Bootstrapping Spring Data JPA repositories in DEFERRED mode.
2020-08-17 08:01:05.713  INFO 2775 --- [    Test worker] .s.d.r.c.RepositoryConfigurationDelegate : Finished Spring Data repository scanning in 49ms. Found 2 JPA repository interfaces.
2020-08-17 08:01:06.557  INFO 2775 --- [    Test worker] o.s.s.concurrent.ThreadPoolTaskExecutor  : Initializing ExecutorService 'applicationTaskExecutor'
2020-08-17 08:01:06.570  INFO 2775 --- [    Test worker] com.zaxxer.hikari.HikariDataSource       : HikariPool-1 - Starting...
2020-08-17 08:01:06.876  INFO 2775 --- [    Test worker] com.zaxxer.hikari.HikariDataSource       : HikariPool-1 - Start completed.
2020-08-17 08:01:07.005  INFO 2775 --- [         task-1] o.hibernate.jpa.internal.util.LogHelper  : HHH000204: Processing PersistenceUnitInfo [name: default]
2020-08-17 08:01:07.096  INFO 2775 --- [         task-1] org.hibernate.Version                    : HHH000412: Hibernate ORM core version 5.4.17.Final
2020-08-17 08:01:07.362  INFO 2775 --- [         task-1] o.hibernate.annotations.common.Version   : HCANN000001: Hibernate Commons Annotations {5.1.0.Final}
2020-08-17 08:01:07.489  INFO 2775 --- [         task-1] org.hibernate.dialect.Dialect            : HHH000400: Using dialect: org.hibernate.dialect.H2Dialect
2020-08-17 08:01:08.182  INFO 2775 --- [         task-1] o.h.e.t.j.p.i.JtaPlatformInitiator       : HHH000490: Using JtaPlatform implementation: [org.hibernate.engine.transaction.jta.platform.internal.NoJtaPlatform]
2020-08-17 08:01:08.190  INFO 2775 --- [         task-1] j.LocalContainerEntityManagerFactoryBean : Initialized JPA EntityManagerFactory for persistence unit 'default'
2020-08-17 08:01:08.824  WARN 2775 --- [    Test worker] JpaBaseConfiguration$JpaWebConfiguration : spring.jpa.open-in-view is enabled by default. Therefore, database queries may be performed during view rendering. Explicitly configure spring.jpa.open-in-view to disable this warning
2020-08-17 08:01:09.097  INFO 2775 --- [    Test worker] o.s.b.a.w.s.WelcomePageHandlerMapping    : Adding welcome page template: index
2020-08-17 08:01:09.419  INFO 2775 --- [    Test worker] DeferredRepositoryInitializationListener : Triggering deferred initialization of Spring Data repositories…
2020-08-17 08:01:09.459  INFO 2775 --- [    Test worker] DeferredRepositoryInitializationListener : Spring Data repositories initialized!
2020-08-17 08:01:09.469  INFO 2775 --- [    Test worker] b.ShowItSelf.ShowItSelfApplicationTests  : Started ShowItSelfApplicationTests in 5.015 seconds (JVM running for 6.117)
]]></system-out>
  <system-err><![CDATA[]]></system-err>
</testsuite>
